2020-01-14 17:09:47,446 - Starting DemoApplication on DELL-PC with PID 6336 (F:\Workspaces\demo\target\classes started by DELL in F:\Workspaces\demo)
2020-01-14 17:09:47,447 - Running with Spring Boot v2.1.5.RELEASE, Spring v5.1.7.RELEASE
2020-01-14 17:09:47,448 - No active profile set, falling back to default profiles: default
2020-01-14 17:09:48,352 - No MyBatis mapper was found in '[com.example.demo]' package. Please check your configuration.
2020-01-14 17:09:48,412 - Bootstrapping Spring Data repositories in DEFAULT mode.
2020-01-14 17:09:48,531 - Finished Spring Data repository scanning in 110ms. Found 7 repository interfaces.
2020-01-14 17:09:48,661 - No MyBatis mapper was found in '[com.example.demo]' package. Please check your configuration.
2020-01-14 17:09:48,897 - Bean 'org.springframework.transaction.annotation.ProxyTransactionManagementConfiguration' of type [org.springframework.transaction.annotation.ProxyTransactionManagementConfiguration$$EnhancerBySpringCGLIB$$a572fb8e] is not eligible for getting processed by all BeanPostProcessors (for example: not eligible for auto-proxying)
2020-01-14 17:09:49,189 - Tomcat initialized with port(s): 8080 (http)
2020-01-14 17:09:49,204 - Initializing ProtocolHandler ["http-nio-8080"]
2020-01-14 17:09:49,216 - Starting service [Tomcat]
2020-01-14 17:09:49,217 - Starting Servlet engine: [Apache Tomcat/9.0.19]
2020-01-14 17:09:49,385 - Initializing Spring embedded WebApplicationContext
2020-01-14 17:09:49,385 - Root WebApplicationContext: initialization completed in 1867 ms
2020-01-14 17:09:49,538 - HikariPool-1 - Starting...
2020-01-14 17:09:49,539 - Registered driver with driverClassName=oracle.jdbc.driver.OracleDriver was not found, trying direct instantiation.
2020-01-14 17:09:50,114 - HikariPool-1 - Driver does not support get/set network timeout for connections. (oracle.jdbc.driver.T4CConnection.getNetworkTimeout()I)
2020-01-14 17:09:50,118 - HikariPool-1 - Start completed.
2020-01-14 17:09:50,182 - HHH000204: Processing PersistenceUnitInfo [
	name: default
	...]
2020-01-14 17:09:50,250 - HHH000412: Hibernate Core {5.3.10.Final}
2020-01-14 17:09:50,252 - HHH000206: hibernate.properties not found
2020-01-14 17:09:50,427 - HCANN000001: Hibernate Commons Annotations {5.0.4.Final}
2020-01-14 17:09:50,629 - HHH000400: Using dialect: org.hibernate.dialect.Oracle12cDialect
2020-01-14 17:09:50,777 - HHH000270: Type registration [byte[]] overrides previous : org.hibernate.type.BinaryType@6a32191e
2020-01-14 17:09:50,777 - HHH000270: Type registration [[B] overrides previous : org.hibernate.type.BinaryType@6a32191e
2020-01-14 17:09:50,778 - HHH000270: Type registration [Byte[]] overrides previous : org.hibernate.type.WrapperBinaryType@52559a69
2020-01-14 17:09:50,778 - HHH000270: Type registration [[Ljava.lang.Byte;] overrides previous : org.hibernate.type.WrapperBinaryType@52559a69
2020-01-14 17:09:50,889 - HHH000069: Duplicate generator name MY_SEQUENCE
2020-01-14 17:09:51,612 - Initialized JPA EntityManagerFactory for persistence unit 'default'
2020-01-14 17:09:52,410 - Clear tk.mybatis.mapper.util.MsUtil CLASS_CACHE cache.
2020-01-14 17:09:52,410 - Clear tk.mybatis.mapper.genid.GenIdUtil CACHE cache.
2020-01-14 17:09:52,411 - Clear tk.mybatis.mapper.version.VersionUtil CACHE cache.
2020-01-14 17:09:52,411 - Clear EntityHelper entityTableMap cache.
2020-01-14 17:09:52,445 - spring.jpa.open-in-view is enabled by default. Therefore, database queries may be performed during view rendering. Explicitly configure spring.jpa.open-in-view to disable this warning
2020-01-14 17:09:52,631 - Starting ProtocolHandler ["http-nio-8080"]
2020-01-14 17:09:52,656 - Tomcat started on port(s): 8080 (http) with context path ''
2020-01-14 17:09:52,658 - Started DemoApplication in 5.842 seconds (JVM running for 7.395)
2020-01-14 17:10:51,982 - Initializing Spring DispatcherServlet 'dispatcherServlet'
2020-01-14 17:10:51,982 - Initializing Servlet 'dispatcherServlet'
2020-01-14 17:10:52,003 - Completed initialization in 21 ms
2020-01-14 17:10:59,227 - ==>  Preparing: select a.USER_ID,a.USER_NAME,a.PASSWORD,a.COMPANY_ID,a.EMAIL,a.CARGO_USER_CODE cargoUserCode,(select wm_concat(b.ROLE_ID) from dewell_web.P_ROLE2USER b where b.user_id = a.user_id) as role_ids, (select c.COMPANY_CODE from dewell_web.P_COMPANY c where c.COMPANY_ID = a.COMPANY_ID)as title from dewell_web.P_USER a where active = 1 and (USER_CODE=? OR a.USER_NAME=? or a.EMAIL=?) 
2020-01-14 17:10:59,319 - ==> Parameters: admin(String), admin(String), admin(String)
2020-01-14 17:10:59,348 - <==      Total: 1
2020-01-14 17:10:59,354 - 我的对的SA
2020-01-14 17:16:43,872 - Starting DemoApplication on DELL-PC with PID 20268 (F:\Workspaces\demo\target\classes started by DELL in F:\Workspaces\demo)
2020-01-14 17:16:43,874 - Running with Spring Boot v2.1.5.RELEASE, Spring v5.1.7.RELEASE
2020-01-14 17:16:43,875 - No active profile set, falling back to default profiles: default
2020-01-14 17:16:44,748 - No MyBatis mapper was found in '[com.example.demo]' package. Please check your configuration.
2020-01-14 17:16:44,854 - Bootstrapping Spring Data repositories in DEFAULT mode.
2020-01-14 17:16:45,025 - Finished Spring Data repository scanning in 158ms. Found 7 repository interfaces.
2020-01-14 17:16:45,158 - No MyBatis mapper was found in '[com.example.demo]' package. Please check your configuration.
2020-01-14 17:16:45,443 - Bean 'org.springframework.transaction.annotation.ProxyTransactionManagementConfiguration' of type [org.springframework.transaction.annotation.ProxyTransactionManagementConfiguration$$EnhancerBySpringCGLIB$$a4d91d20] is not eligible for getting processed by all BeanPostProcessors (for example: not eligible for auto-proxying)
2020-01-14 17:16:45,786 - Tomcat initialized with port(s): 8080 (http)
2020-01-14 17:16:45,802 - Initializing ProtocolHandler ["http-nio-8080"]
2020-01-14 17:16:45,811 - Starting service [Tomcat]
2020-01-14 17:16:45,812 - Starting Servlet engine: [Apache Tomcat/9.0.19]
2020-01-14 17:16:46,005 - Initializing Spring embedded WebApplicationContext
2020-01-14 17:16:46,006 - Root WebApplicationContext: initialization completed in 2062 ms
2020-01-14 17:16:46,173 - HikariPool-1 - Starting...
2020-01-14 17:16:46,173 - Registered driver with driverClassName=oracle.jdbc.driver.OracleDriver was not found, trying direct instantiation.
2020-01-14 17:16:46,780 - HikariPool-1 - Driver does not support get/set network timeout for connections. (oracle.jdbc.driver.T4CConnection.getNetworkTimeout()I)
2020-01-14 17:16:46,784 - HikariPool-1 - Start completed.
2020-01-14 17:16:46,839 - HHH000204: Processing PersistenceUnitInfo [
	name: default
	...]
2020-01-14 17:16:46,901 - HHH000412: Hibernate Core {5.3.10.Final}
2020-01-14 17:16:46,903 - HHH000206: hibernate.properties not found
2020-01-14 17:16:47,030 - HCANN000001: Hibernate Commons Annotations {5.0.4.Final}
2020-01-14 17:16:47,212 - HHH000400: Using dialect: org.hibernate.dialect.Oracle12cDialect
2020-01-14 17:16:47,345 - HHH000270: Type registration [byte[]] overrides previous : org.hibernate.type.BinaryType@4aa31ffc
2020-01-14 17:16:47,345 - HHH000270: Type registration [[B] overrides previous : org.hibernate.type.BinaryType@4aa31ffc
2020-01-14 17:16:47,346 - HHH000270: Type registration [Byte[]] overrides previous : org.hibernate.type.WrapperBinaryType@4d09cade
2020-01-14 17:16:47,346 - HHH000270: Type registration [[Ljava.lang.Byte;] overrides previous : org.hibernate.type.WrapperBinaryType@4d09cade
2020-01-14 17:16:47,454 - HHH000069: Duplicate generator name MY_SEQUENCE
2020-01-14 17:16:48,130 - Initialized JPA EntityManagerFactory for persistence unit 'default'
2020-01-14 17:16:48,995 - Clear tk.mybatis.mapper.util.MsUtil CLASS_CACHE cache.
2020-01-14 17:16:48,995 - Clear tk.mybatis.mapper.genid.GenIdUtil CACHE cache.
2020-01-14 17:16:48,996 - Clear tk.mybatis.mapper.version.VersionUtil CACHE cache.
2020-01-14 17:16:48,996 - Clear EntityHelper entityTableMap cache.
2020-01-14 17:16:49,027 - spring.jpa.open-in-view is enabled by default. Therefore, database queries may be performed during view rendering. Explicitly configure spring.jpa.open-in-view to disable this warning
2020-01-14 17:16:49,215 - Starting ProtocolHandler ["http-nio-8080"]
2020-01-14 17:16:49,236 - Tomcat started on port(s): 8080 (http) with context path ''
2020-01-14 17:16:49,240 - Started DemoApplication in 5.924 seconds (JVM running for 7.152)
2020-01-14 17:17:20,417 - Starting DemoApplication on DELL-PC with PID 23336 (F:\Workspaces\demo\target\classes started by DELL in F:\Workspaces\demo)
2020-01-14 17:17:20,421 - Running with Spring Boot v2.1.5.RELEASE, Spring v5.1.7.RELEASE
2020-01-14 17:17:20,421 - No active profile set, falling back to default profiles: default
2020-01-14 17:17:21,658 - No MyBatis mapper was found in '[com.example.demo]' package. Please check your configuration.
2020-01-14 17:17:21,726 - Bootstrapping Spring Data repositories in DEFAULT mode.
2020-01-14 17:17:21,855 - Finished Spring Data repository scanning in 117ms. Found 7 repository interfaces.
2020-01-14 17:17:22,001 - No MyBatis mapper was found in '[com.example.demo]' package. Please check your configuration.
2020-01-14 17:17:22,419 - Bean 'org.springframework.transaction.annotation.ProxyTransactionManagementConfiguration' of type [org.springframework.transaction.annotation.ProxyTransactionManagementConfiguration$$EnhancerBySpringCGLIB$$b20e3973] is not eligible for getting processed by all BeanPostProcessors (for example: not eligible for auto-proxying)
2020-01-14 17:17:22,903 - Tomcat initialized with port(s): 8080 (http)
2020-01-14 17:17:22,923 - Initializing ProtocolHandler ["http-nio-8080"]
2020-01-14 17:17:22,935 - Starting service [Tomcat]
2020-01-14 17:17:22,935 - Starting Servlet engine: [Apache Tomcat/9.0.19]
2020-01-14 17:17:23,101 - Initializing Spring embedded WebApplicationContext
2020-01-14 17:17:23,101 - Root WebApplicationContext: initialization completed in 2602 ms
2020-01-14 17:17:23,275 - HikariPool-1 - Starting...
2020-01-14 17:17:23,277 - Registered driver with driverClassName=oracle.jdbc.driver.OracleDriver was not found, trying direct instantiation.
2020-01-14 17:17:23,892 - HikariPool-1 - Driver does not support get/set network timeout for connections. (oracle.jdbc.driver.T4CConnection.getNetworkTimeout()I)
2020-01-14 17:17:23,899 - HikariPool-1 - Start completed.
2020-01-14 17:17:23,972 - HHH000204: Processing PersistenceUnitInfo [
	name: default
	...]
2020-01-14 17:17:24,053 - HHH000412: Hibernate Core {5.3.10.Final}
2020-01-14 17:17:24,054 - HHH000206: hibernate.properties not found
2020-01-14 17:17:24,240 - HCANN000001: Hibernate Commons Annotations {5.0.4.Final}
2020-01-14 17:17:24,494 - HHH000400: Using dialect: org.hibernate.dialect.Oracle12cDialect
2020-01-14 17:17:24,621 - HHH000270: Type registration [byte[]] overrides previous : org.hibernate.type.BinaryType@e521067
2020-01-14 17:17:24,621 - HHH000270: Type registration [[B] overrides previous : org.hibernate.type.BinaryType@e521067
2020-01-14 17:17:24,622 - HHH000270: Type registration [Byte[]] overrides previous : org.hibernate.type.WrapperBinaryType@3b362f1
2020-01-14 17:17:24,622 - HHH000270: Type registration [[Ljava.lang.Byte;] overrides previous : org.hibernate.type.WrapperBinaryType@3b362f1
2020-01-14 17:17:24,767 - HHH000069: Duplicate generator name MY_SEQUENCE
2020-01-14 17:17:25,649 - Initialized JPA EntityManagerFactory for persistence unit 'default'
2020-01-14 17:17:26,707 - Clear tk.mybatis.mapper.util.MsUtil CLASS_CACHE cache.
2020-01-14 17:17:26,708 - Clear tk.mybatis.mapper.genid.GenIdUtil CACHE cache.
2020-01-14 17:17:26,708 - Clear tk.mybatis.mapper.version.VersionUtil CACHE cache.
2020-01-14 17:17:26,709 - Clear EntityHelper entityTableMap cache.
2020-01-14 17:17:26,746 - spring.jpa.open-in-view is enabled by default. Therefore, database queries may be performed during view rendering. Explicitly configure spring.jpa.open-in-view to disable this warning
2020-01-14 17:17:27,000 - Starting ProtocolHandler ["http-nio-8080"]
2020-01-14 17:17:27,028 - Tomcat started on port(s): 8080 (http) with context path ''
2020-01-14 17:17:27,031 - Started DemoApplication in 7.524 seconds (JVM running for 9.157)
2020-01-14 17:17:34,915 - Initializing Spring DispatcherServlet 'dispatcherServlet'
2020-01-14 17:17:34,915 - Initializing Servlet 'dispatcherServlet'
2020-01-14 17:17:34,926 - Completed initialization in 11 ms
2020-01-14 17:17:36,813 - admin;#itadmin#
2020-01-14 17:17:51,409 - ==>  Preparing: select a.USER_ID,a.USER_NAME,a.PASSWORD,a.COMPANY_ID,a.EMAIL,a.CARGO_USER_CODE cargoUserCode,(select wm_concat(b.ROLE_ID) from dewell_web.P_ROLE2USER b where b.user_id = a.user_id) as role_ids, (select c.COMPANY_CODE from dewell_web.P_COMPANY c where c.COMPANY_ID = a.COMPANY_ID)as title from dewell_web.P_USER a where active = 1 and (USER_CODE=? OR a.USER_NAME=? or a.EMAIL=?) 
2020-01-14 17:17:51,881 - ==> Parameters: admin(String), admin(String), admin(String)
2020-01-14 17:17:52,069 - <==      Total: 1
2020-01-14 17:19:32,568 - HikariPool-1 - Thread starvation or clock leap detected (housekeeper delta=1m2s85ms381µs100ns).
2020-01-14 17:19:56,442 - 我的对的SA
2020-01-14 17:20:23,629 - Closing JPA EntityManagerFactory for persistence unit 'default'
2020-01-14 17:20:23,633 - HikariPool-1 - Shutdown initiated...
2020-01-14 17:20:23,670 - HikariPool-1 - Shutdown completed.
2020-01-14 17:20:30,801 - Starting DemoApplication on DELL-PC with PID 16772 (F:\Workspaces\demo\target\classes started by DELL in F:\Workspaces\demo)
2020-01-14 17:20:30,804 - Running with Spring Boot v2.1.5.RELEASE, Spring v5.1.7.RELEASE
2020-01-14 17:20:30,804 - No active profile set, falling back to default profiles: default
2020-01-14 17:20:33,572 - No MyBatis mapper was found in '[com.example.demo]' package. Please check your configuration.
2020-01-14 17:20:33,755 - Bootstrapping Spring Data repositories in DEFAULT mode.
2020-01-14 17:20:34,216 - Finished Spring Data repository scanning in 445ms. Found 7 repository interfaces.
2020-01-14 17:20:34,341 - No MyBatis mapper was found in '[com.example.demo]' package. Please check your configuration.
2020-01-14 17:20:34,618 - Bean 'org.springframework.transaction.annotation.ProxyTransactionManagementConfiguration' of type [org.springframework.transaction.annotation.ProxyTransactionManagementConfiguration$$EnhancerBySpringCGLIB$$411af72] is not eligible for getting processed by all BeanPostProcessors (for example: not eligible for auto-proxying)
2020-01-14 17:20:34,964 - Tomcat initialized with port(s): 8080 (http)
2020-01-14 17:20:34,981 - Initializing ProtocolHandler ["http-nio-8080"]
2020-01-14 17:20:34,992 - Starting service [Tomcat]
2020-01-14 17:20:34,992 - Starting Servlet engine: [Apache Tomcat/9.0.19]
2020-01-14 17:20:35,194 - Initializing Spring embedded WebApplicationContext
2020-01-14 17:20:35,194 - Root WebApplicationContext: initialization completed in 4301 ms
2020-01-14 17:20:35,414 - HikariPool-1 - Starting...
2020-01-14 17:20:35,417 - Registered driver with driverClassName=oracle.jdbc.driver.OracleDriver was not found, trying direct instantiation.
2020-01-14 17:20:36,080 - HikariPool-1 - Driver does not support get/set network timeout for connections. (oracle.jdbc.driver.T4CConnection.getNetworkTimeout()I)
2020-01-14 17:20:36,086 - HikariPool-1 - Start completed.
2020-01-14 17:20:36,147 - HHH000204: Processing PersistenceUnitInfo [
	name: default
	...]
2020-01-14 17:20:36,236 - HHH000412: Hibernate Core {5.3.10.Final}
2020-01-14 17:20:36,240 - HHH000206: hibernate.properties not found
2020-01-14 17:20:36,452 - HCANN000001: Hibernate Commons Annotations {5.0.4.Final}
2020-01-14 17:20:36,773 - HHH000400: Using dialect: org.hibernate.dialect.Oracle12cDialect
2020-01-14 17:20:36,881 - HHH000270: Type registration [byte[]] overrides previous : org.hibernate.type.BinaryType@559fd5ec
2020-01-14 17:20:36,881 - HHH000270: Type registration [[B] overrides previous : org.hibernate.type.BinaryType@559fd5ec
2020-01-14 17:20:36,882 - HHH000270: Type registration [Byte[]] overrides previous : org.hibernate.type.WrapperBinaryType@2a120c88
2020-01-14 17:20:36,882 - HHH000270: Type registration [[Ljava.lang.Byte;] overrides previous : org.hibernate.type.WrapperBinaryType@2a120c88
2020-01-14 17:20:37,021 - HHH000069: Duplicate generator name MY_SEQUENCE
2020-01-14 17:20:37,921 - Initialized JPA EntityManagerFactory for persistence unit 'default'
2020-01-14 17:20:38,965 - Clear tk.mybatis.mapper.util.MsUtil CLASS_CACHE cache.
2020-01-14 17:20:38,966 - Clear tk.mybatis.mapper.genid.GenIdUtil CACHE cache.
2020-01-14 17:20:38,966 - Clear tk.mybatis.mapper.version.VersionUtil CACHE cache.
2020-01-14 17:20:38,966 - Clear EntityHelper entityTableMap cache.
2020-01-14 17:20:39,009 - spring.jpa.open-in-view is enabled by default. Therefore, database queries may be performed during view rendering. Explicitly configure spring.jpa.open-in-view to disable this warning
2020-01-14 17:20:39,265 - Starting ProtocolHandler ["http-nio-8080"]
2020-01-14 17:20:39,301 - Tomcat started on port(s): 8080 (http) with context path ''
2020-01-14 17:20:39,304 - Started DemoApplication in 9.533 seconds (JVM running for 10.782)
2020-01-14 17:21:16,809 - Initializing Spring DispatcherServlet 'dispatcherServlet'
2020-01-14 17:21:16,809 - Initializing Servlet 'dispatcherServlet'
2020-01-14 17:21:16,823 - Completed initialization in 14 ms
2020-01-14 17:21:18,242 - admin;#itadmin#
2020-01-14 17:21:25,052 - ==>  Preparing: select a.USER_ID,a.USER_NAME,a.PASSWORD,a.COMPANY_ID,a.EMAIL,a.CARGO_USER_CODE cargoUserCode,(select wm_concat(b.ROLE_ID) from dewell_web.P_ROLE2USER b where b.user_id = a.user_id) as role_ids, (select c.COMPANY_CODE from dewell_web.P_COMPANY c where c.COMPANY_ID = a.COMPANY_ID)as title from dewell_web.P_USER a where active = 1 and (USER_CODE=? OR a.USER_NAME=? or a.EMAIL=?) 
2020-01-14 17:21:25,129 - ==> Parameters: admin(String), admin(String), admin(String)
2020-01-14 17:21:25,155 - <==      Total: 1
2020-01-14 17:21:25,165 - 我的对的SA
2020-01-14 17:21:25,165 - 角色103566,103568,103564,1133,88702,89051,90034,88541,91527,92837,92832,92834,92833,92835,2184,92836,92838,1795,94455,94459,95263,95634,96983,96985,96987,90755,1871,97951,98917,99281,99453,99887,100004,100132,105761,105762,105763
2020-01-14 17:21:44,733 - Closing JPA EntityManagerFactory for persistence unit 'default'
2020-01-14 17:21:44,737 - HikariPool-1 - Shutdown initiated...
2020-01-14 17:21:44,808 - HikariPool-1 - Shutdown completed.
2020-01-14 17:23:23,688 - Starting DemoApplication on DELL-PC with PID 4252 (F:\Workspaces\demo\target\classes started by DELL in F:\Workspaces\demo)
2020-01-14 17:23:23,693 - Running with Spring Boot v2.1.5.RELEASE, Spring v5.1.7.RELEASE
2020-01-14 17:23:23,694 - No active profile set, falling back to default profiles: default
2020-01-14 17:23:24,437 - No MyBatis mapper was found in '[com.example.demo]' package. Please check your configuration.
2020-01-14 17:23:24,480 - Bootstrapping Spring Data repositories in DEFAULT mode.
2020-01-14 17:23:24,585 - Finished Spring Data repository scanning in 96ms. Found 7 repository interfaces.
2020-01-14 17:23:24,710 - No MyBatis mapper was found in '[com.example.demo]' package. Please check your configuration.
2020-01-14 17:23:25,015 - Bean 'org.springframework.transaction.annotation.ProxyTransactionManagementConfiguration' of type [org.springframework.transaction.annotation.ProxyTransactionManagementConfiguration$$EnhancerBySpringCGLIB$$d596aa73] is not eligible for getting processed by all BeanPostProcessors (for example: not eligible for auto-proxying)
2020-01-14 17:23:25,357 - Tomcat initialized with port(s): 8080 (http)
2020-01-14 17:23:25,375 - Initializing ProtocolHandler ["http-nio-8080"]
2020-01-14 17:23:25,384 - Starting service [Tomcat]
2020-01-14 17:23:25,384 - Starting Servlet engine: [Apache Tomcat/9.0.19]
2020-01-14 17:23:25,556 - Initializing Spring embedded WebApplicationContext
2020-01-14 17:23:25,556 - Root WebApplicationContext: initialization completed in 1781 ms
2020-01-14 17:23:25,741 - HikariPool-1 - Starting...
2020-01-14 17:23:25,742 - Registered driver with driverClassName=oracle.jdbc.driver.OracleDriver was not found, trying direct instantiation.
2020-01-14 17:23:27,178 - HikariPool-1 - Driver does not support get/set network timeout for connections. (oracle.jdbc.driver.T4CConnection.getNetworkTimeout()I)
2020-01-14 17:23:27,183 - HikariPool-1 - Start completed.
2020-01-14 17:23:27,283 - HHH000204: Processing PersistenceUnitInfo [
	name: default
	...]
2020-01-14 17:23:27,359 - HHH000412: Hibernate Core {5.3.10.Final}
2020-01-14 17:23:27,361 - HHH000206: hibernate.properties not found
2020-01-14 17:23:27,500 - HCANN000001: Hibernate Commons Annotations {5.0.4.Final}
2020-01-14 17:23:27,672 - HHH000400: Using dialect: org.hibernate.dialect.Oracle12cDialect
2020-01-14 17:23:27,785 - HHH000270: Type registration [byte[]] overrides previous : org.hibernate.type.BinaryType@707e4fe4
2020-01-14 17:23:27,785 - HHH000270: Type registration [[B] overrides previous : org.hibernate.type.BinaryType@707e4fe4
2020-01-14 17:23:27,785 - HHH000270: Type registration [Byte[]] overrides previous : org.hibernate.type.WrapperBinaryType@14422d9d
2020-01-14 17:23:27,785 - HHH000270: Type registration [[Ljava.lang.Byte;] overrides previous : org.hibernate.type.WrapperBinaryType@14422d9d
2020-01-14 17:23:27,890 - HHH000069: Duplicate generator name MY_SEQUENCE
2020-01-14 17:23:28,531 - Initialized JPA EntityManagerFactory for persistence unit 'default'
2020-01-14 17:23:29,325 - Clear tk.mybatis.mapper.util.MsUtil CLASS_CACHE cache.
2020-01-14 17:23:29,325 - Clear tk.mybatis.mapper.genid.GenIdUtil CACHE cache.
2020-01-14 17:23:29,325 - Clear tk.mybatis.mapper.version.VersionUtil CACHE cache.
2020-01-14 17:23:29,326 - Clear EntityHelper entityTableMap cache.
2020-01-14 17:23:29,360 - spring.jpa.open-in-view is enabled by default. Therefore, database queries may be performed during view rendering. Explicitly configure spring.jpa.open-in-view to disable this warning
2020-01-14 17:23:29,553 - Starting ProtocolHandler ["http-nio-8080"]
2020-01-14 17:23:29,578 - Tomcat started on port(s): 8080 (http) with context path ''
2020-01-14 17:23:29,579 - Started DemoApplication in 6.634 seconds (JVM running for 7.915)
2020-01-14 17:23:42,770 - Initializing Spring DispatcherServlet 'dispatcherServlet'
2020-01-14 17:23:42,770 - Initializing Servlet 'dispatcherServlet'
2020-01-14 17:23:42,779 - Completed initialization in 8 ms
2020-01-14 17:23:44,588 - admin;#itadmin#
2020-01-14 17:23:44,613 - ==>  Preparing: select a.USER_ID,a.USER_NAME,a.PASSWORD,a.COMPANY_ID,a.EMAIL,a.CARGO_USER_CODE cargoUserCode,(select wm_concat(b.ROLE_ID) from dewell_web.P_ROLE2USER b where b.user_id = a.user_id) as role_ids, (select c.COMPANY_CODE from dewell_web.P_COMPANY c where c.COMPANY_ID = a.COMPANY_ID)as title from dewell_web.P_USER a where active = 1 and (USER_CODE=? OR a.USER_NAME=? or a.EMAIL=?) 
2020-01-14 17:23:44,670 - ==> Parameters: admin(String), admin(String), admin(String)
2020-01-14 17:23:44,690 - <==      Total: 1
2020-01-14 17:23:44,704 - 我的对的SA
2020-01-14 17:23:45,719 - HHH000397: Using ASTQueryTranslatorFactory
